errors: 0, warnings: 0, exit_state: 0
Time            Diameter        States Found    Distinct States Queue Size      
0:00:00         0               1               1               1               
0:00:03         14              198019          85773           56295           
0:01:03         18              7697743         2891638         1827082         
0:02:03         18              15004917        5488656         3414121         
0:03:03         19              22467284        7997383         4936091         
0:04:03         19              29475540        10353705        6227155         
0:05:03         19              36790276        12875001        7799878         
0:06:03         19              43991471        15255890        9211455         
0:07:03         20              51129912        17550950        10504884        
0:08:03         20              58648635        19916249        11944927        
0:09:03         20              65847768        22216406        13222004        
0:10:03         20              72823041        24479686        14352639        
0:11:03         20              80049920        26889272        15777819        
0:12:03         20              87216602        29256430        17173391        
0:13:03         20              94453593        31589303        18627681        
0:14:03         20              101568983       33928727        20042086        
0:15:03         20              108333049       36033927        21232044        
0:16:03         21              115589360       38198244        22303258        
0:17:03         21              123029643       40374930        23487966        
0:18:03         21              130156205       42645485        24757130        
0:19:03         21              137526391       44809264        25996412        
0:20:03         21              144937313       46965113        27217020        
0:21:03         21              152370251       49178458        28489679        
0:22:03         21              159232384       51301825        29543859        
0:23:03         21              166217469       53422472        30649161        
0:24:03         21              173072902       55656734        31780769        
0:25:03         21              180126333       57866178        32835986        
0:26:03         21              187170384       60106701        34190027        
0:27:03         21              194355864       62353158        35393924        
0:28:03         21              201352929       64587662        36657933        
0:29:03         21              208497748       66796673        37886058        
0:30:03         21              215552842       68996426        39166676        
0:31:03         21              222636732       71182148        40478282        
0:32:03         21              229804925       73271997        41683144        
0:33:03         21              236911264       75240543        42744769        
0:34:03         21              243886834       77579746        44117890        
0:35:03         21              250864625       79845799        45479103        
0:36:03         21              257849014       81884848        46546306        
0:37:03         21              264811367       83865726        47528005        
0:38:03         22              271923099       85916082        48481935        
0:39:03         22              279241191       87909653        49392740        
0:40:03         22              286599110       89932196        50450884        
0:41:03         22              293854316       91990759        51486758        
0:42:03         22              300823764       94077835        52448484        
0:43:03         22              308074531       96189926        53643657        
0:44:03         22              315341966       98246573        54783443        
0:45:04         22              322114689       100000019       55660370        
