errors: 0, warnings: 0, exit_state: 0
Time            Diameter        States Found    Distinct States Queue Size      
0:00:01         0               1               1               1               
0:00:04         14              116306          46804           25382           
0:01:04         20              4924617         1465671         571346          
0:02:04         21              9466802         2601672         936540          
0:03:04         22              13826960        3601805         1175704         
0:04:04         22              18101426        4465957         1321482         
0:05:04         23              22378753        5384107         1546765         
0:06:04         23              26532262        6164277         1598949         
0:07:04         24              30527549        6919276         1698462         
0:08:04         24              34661164        7686716         1812166         
0:09:04         25              38533360        8307732         1706603         
0:10:04         25              42390254        8836481         1632421         
0:11:04         25              46311248        9506835         1624564         
0:12:04         26              50052400        9992588         1446938         
0:13:04         26              53790165        10506326        1326434         
0:14:04         26              57527020        10962003        1107263         
0:15:04         26              61114914        11351933        868448          
0:16:04         27              64730323        11689097        562883          
0:17:04         28              68209344        12001867        227204          
0:17:35         31              69966456        12107912        0               
