errors: 0, warnings: 0, exit_state: 0
Time            Diameter        States Found    Distinct States Queue Size      
0:00:00         0               1               1               1               
0:00:03         12              176447          77794           54972           
0:01:03         15              6708388         2684948         1900525         
0:02:03         16              13090440        5148395         3651842         
0:03:03         16              19635612        7631190         5412448         
0:04:03         16              25984108        10083664        7138951         
0:05:03         16              32475135        12522333        8870881         
0:06:03         16              38877776        14928317        10588192        
0:07:03         17              45101820        17272884        12264147        
0:08:03         17              51674486        19717166        13984868        
0:09:03         17              58095462        22027258        15604576        
0:10:03         17              64639768        24501336        17381904        
0:11:03         17              71022205        26873282        19073199        
0:12:03         17              77469388        29341963        20794146        
0:13:03         17              83959726        31769426        22495067        
0:14:03         17              90502768        34192897        24203988        
0:15:03         17              96934615        36516866        25845094        
0:16:03         17              103368704       38818286        27497829        
0:17:03         17              109894158       41195335        29191132        
0:18:03         17              116345465       43687727        30962059        
0:19:03         17              122885017       46110949        32678505        
0:20:03         17              129009976       48335973        34260255        
0:21:03         17              135396145       50631951        35883021        
0:22:03         17              141913027       53067276        37633822        
0:23:03         17              148294354       55364084        39261224        
0:24:03         18              154817646       57746888        40959474        
0:25:03         18              161225259       60110629        42668732        
0:26:03         18              167718619       62460190        44342306        
0:27:03         18              174309133       64876678        46096137        
0:28:03         18              180771779       67198466        47662598        
0:29:03         18              187091299       69427575        49166653        
0:30:03         18              193505452       71660820        50722226        
0:31:03         18              199968575       73904219        52306492        
0:32:03         18              206482916       76300624        54002643        
0:33:03         18              212833786       78681383        55716676        
0:34:03         18              219329277       81046404        57419574        
0:35:03         18              225885062       83446238        59145374        
0:36:03         18              232418442       85727929        60763092        
0:37:03         18              238759360       88017428        62379777        
0:38:03         18              245117298       90369998        64043143        
0:39:03         18              251500044       92749752        65763862        
0:40:03         18              257989300       95164987        67442271        
0:41:03         18              264441624       97573778        69089483        
0:42:03         18              270820817       99952639        70761895        
0:42:09         18              270946706       100000022       70795969        
