errors: 0, warnings: 0, exit_state: 0
Time            Diameter        States Found    Distinct States Queue Size      
0:00:00         0               1               1               1               
0:00:03         14              114192          45987           24931           
0:01:03         19              4806395         1429598         572950          
0:02:03         21              9179783         2492797         858749          
0:03:03         21              13363051        3454159         1116593         
0:04:03         22              17535318        4353408         1301799         
0:05:03         23              21580448        5163555         1391659         
0:06:03         23              25557880        5940959         1542243         
0:07:03         24              29570579        6731097         1633600         
0:08:03         24              33393089        7424965         1704023         
0:09:03         24              37311543        8129378         1775018         
0:10:03         25              41005142        8762092         1759618         
0:11:03         25              44664733        9256714         1657728         
0:12:03         25              48316849        9847867         1644823         
0:13:03         26              51917437        10341278        1487886         
0:14:03         26              55398552        10728003        1291008         
0:15:03         26              58935596        11175525        1089080         
0:16:03         26              62310283        11497073        818697          
0:17:03         27              65737333        11838347        523696          
0:18:03         28              69071904        12068259        135402          
0:18:20         31              69966578        12107912        0               
