Time            Diameter        States Found    Distinct States Queue Size      
0:00:00         0               1               1               1               
0:00:03         13              57595           24544           16250           
0:01:03         16              2220833         870919          568305          
0:02:03         17              4348184         1660861         1076601         
0:03:03         17              6494203         2446378         1573305         
0:04:03         18              8620506         3194435         2037635         
0:05:03         18              10679546        3937421         2515373         
0:06:03         18              12802723        4683775         2980332         
0:07:03         18              14912437        5400315         3406153         
0:08:03         18              17004578        6128076         3849766         
0:09:03         18              19181243        6861912         4314971         
0:10:03         19              21273830        7568050         4738145         
0:11:03         19              23344330        8260633         5142155         
0:12:03         19              25391418        8995530         5599096         
0:13:03         19              27400214        9685153         6029861         
0:14:03         19              29448745        10377670        6468497         
0:15:03         19              31488349        11054833        6886597         
0:16:03         19              33579260        11714544        7250337         
0:17:03         19              35700993        12461137        7718580         
0:18:03         19              37786121        13096745        8080047         
0:19:03         19              39844736        13764033        8452959         
0:20:03         19              41876058        14456296        8873192         
0:21:03         19              43966968        15166916        9306814         
0:22:03         19              46077794        15868993        9718509         
0:23:03         19              48157946        16571633        10163369        
0:24:03         19              50289040        17241519        10571828        
0:25:03         19              52406449        17836096        10894677        
0:26:03         19              54425201        18459704        11233119        
0:27:03         20              56534905        19200093        11687988        
0:28:03         20              58634011        19885583        12069802        
0:29:03         20              60652078        20514662        12409499        
0:30:03         20              62694692        21169382        12778161        
0:31:03         20              64710086        21849453        13185639        
0:32:03         20              66644671        22520301        13588299        
0:33:03         20              68679354        23202852        13996074        
0:34:03         20              70698516        23850100        14372808        
0:35:03         20              72629110        24478645        14760899        
0:36:03         20              74648217        25117969        15148450        
0:37:03         20              76651703        25757488        15529117        
0:38:03         20              78694343        26418539        15935369        
0:39:03         20              80664415        27022219        16283237        
0:40:03         20              82714250        27652977        16655778        
0:41:03         20              84781826        28292559        17018066        
0:42:03         20              86822097        28882892        17324751        
0:43:03         20              88802076        29555929        17709227        
0:44:03         20              90893695        30252706        18150666        
0:45:03         20              92959438        30926748        18533504        
0:46:03         20              95030484        31555140        18864274        
0:47:04         20              97086876        32147635        19199339        
0:48:04         20              99166949        32678310        19433234        
0:49:04         20              101183328       33357171        19839756        
0:50:04         20              103205510       34008518        20205180        
0:51:04         20              105256103       34719512        20622749        
0:52:04         20              107243221       35368963        21032074        
0:53:04         20              109304621       36013717        21416044        
0:54:04         20              111365751       36711233        21851135        
0:55:04         20              113405956       37339971        22194216        
0:56:04         20              115485664       38020729        22584127        
0:57:04         20              117407276       38610086        22894389        
0:58:04         20              119471596       39288788        23304010        
0:59:04         20              121600178       39939010        23695182        
1:00:04         20              123722200       40606582        24092797        
1:01:04         20              125835648       41265580        24491921        
1:02:04         20              127919518       41865043        24835223        
1:03:04         20              129903143       42401748        25114437        
1:04:04         20              131992334       42977649        25419976        
1:05:04         20              134037999       43510063        25679610        
1:06:04         20              136073481       44118752        25987994        
1:07:04         20              138120662       44722215        26303970        
1:08:04         20              140075538       45362543        26667486        
1:09:04         20              142181007       46054302        27069386        
1:10:04         21              144242720       46679440        27398599        
1:11:04         21              146320502       47325195        27731965        
1:12:04         21              148374867       47945971        28045501        
1:13:04         21              150424892       48534674        28326221        
1:14:04         21              152388148       49108403        28612138        
1:15:04         21              154424319       49683912        28887852        
1:16:04         21              156399430       50323072        29253801        
1:17:04         21              158395024       50961322        29623117        
1:18:04         21              160379493       51580185        29959291        
1:19:04         21              162336965       52237257        30351420        
1:20:04         21              164214349       52840087        30687580        
1:21:04         21              166159899       53503189        31075506        
1:22:04         21              168138759       54119816        31407319        
1:23:04         21              170079035       54739743        31760564        
1:24:04         21              172064391       55341818        32088292        
1:25:04         21              174010558       55918386        32402535        
1:26:04         21              175957976       56521038        32733170        
1:27:04         21              177785087       57091571        33057300        
1:28:04         21              179749478       57705202        33431076        
1:29:04         21              181727015       58320038        33802581        
1:30:05         21              183709402       58908484        34132740        
1:31:05         21              185668059       59504117        34479243        
1:32:05         21              187636970       60095712        34829783        
1:33:05         21              189581234       60668920        35136930        
1:34:05         21              191435172       61251934        35478501        
1:35:05         21              193440741       61874034        35852807        
1:36:05         21              195451710       62451839        36174065        
1:37:05         21              197468738       63035942        36487756        
1:38:05         21              199462464       63615328        36810358        
1:39:05         21              201446095       64166280        37096443        
1:40:05         21              203439568       64712088        37387898        
1:41:05         21              205308718       65291776        37728929        
1:42:05         21              207330206       65893909        38060307        
1:43:05         21              209354101       66484125        38370260        
1:44:05         21              211288560       67006307        38623407        
1:45:05         21              213226681       67526307        38889228        
1:46:05         21              215241903       68122807        39168865        
1:47:05         21              217209096       68743726        39467528        
1:48:05         21              219238328       69445699        39926781        
1:49:05         21              221170496       70068345        40315603        
1:50:05         21              223209765       70717123        40708132        
1:51:05         21              225256082       71349033        41089529        
1:52:05         21              227249901       71927915        41402621        
1:53:05         21              229285695       72601577        41759041        
1:54:05         21              231319856       73181000        42033666        
1:55:05         21              233328303       73743635        42300114        
1:56:05         21              235411832       74355934        42653321        
1:57:05         21              237433905       74881461        42914992        
1:58:05         21              239411275       75361330        43137126        
1:59:05         21              241426010       75832579        43316691        
2:00:05         21              243403204       76372577        43548550        
2:01:05         21              245408956       77073249        44007639        
2:02:05         21              247384242       77720751        44402332        
2:03:05         21              249376119       78339308        44745828        
2:04:05         21              251354502       78965657        45105310        
2:05:05         21              253366001       79650568        45497902        
2:06:05         21              255286584       80308224        45887012        
2:07:05         21              257258343       80905258        46180814        
2:08:05         21              259313395       81549394        46575397        
2:09:05         21              261357964       82195543        46976841        
2:10:05         21              263396343       82765893        47285842        
2:11:05         21              265385452       83368021        47621634        
2:12:05         21              267440883       83996471        48004299        
2:13:05         21              269479816       84673582        48427302        
2:14:05         21              271499090       85322207        48817569        
2:15:05         21              273492245       85906149        49135089        
2:16:05         21              275393191       86446329        49415344        
2:17:05         21              277383863       87077890        49757088        
2:18:05         21              279399825       87735343        50132509        
2:19:05         21              281463411       88355885        50457248        
2:20:05         21              283478465       88918839        50710368        
2:21:05         21              285462415       89511603        51002995        
2:22:05         21              287463936       90114888        51366851        
2:23:05         21              289492334       90731348        51715998        
2:24:05         21              291499792       91355564        52055648        
2:25:05         21              293497722       91924052        52366441        
2:26:05         21              295611551       92514437        52696598        
2:27:05         21              297654188       93075194        52989211        
2:28:05         21              299709977       93702844        53345004        
2:29:05         21              301804397       94316883        53700983        
2:30:06         21              303899784       94905906        54029210        
2:31:06         21              305937093       95486312        54348928        
2:32:06         21              307987237       96084392        54691147        
2:33:06         21              310022659       96613400        54963880        
2:34:06         21              311978026       97101023        55197487        
2:35:06         21              313864111       97590008        55429428        
2:36:06         21              315926265       98119746        55687714        
2:37:06         21              317951448       98628362        55925446        
2:38:06         21              319989001       99183316        56210281        
2:39:06         21              321986849       99677636        56431263        
2:40:06         21              323929358       100147908       56637837        
2:41:06         21              325914452       100641050       56854852        
2:42:06         21              327893630       101269568       57163430        
2:43:06         21              329885270       101842991       57456670        
2:44:06         21              331878738       102383110       57703430        
2:45:06         21              333781825       102911933       57960912        
2:46:06         21              335805865       103527468       58271577        
2:47:06         21              337880732       104182886       58629244        
2:48:06         21              339939551       104805161       58958587        
2:49:06         21              341958150       105406819       59266010        
2:50:06         22              343971681       105985316       59550780        
2:51:06         22              345909304       106521479       59783114        
2:52:06         22              347889183       107095917       60044996        
2:53:06         22              349882231       107680232       60329129        
2:54:06         22              351902145       108253609       60593405        
2:55:06         22              353799039       108778848       60821951        
2:56:06         22              355778819       109299750       61032598        
2:57:06         22              357800446       109836353       61257470        
2:58:06         22              359822112       110388980       61501793        
2:59:06         22              361834778       110899608       61699994        
3:00:06         22              363824457       111477391       61991354        
3:01:06         22              365775216       111987194       62195857        
3:02:06         22              367722018       112608649       62564273        
3:03:06         22              369643857       113208658       62894996        
3:04:06         22              371582524       113809305       63236461        
3:05:06         22              373458998       114369695       63522019        
3:06:06         22              375410953       114886277       63766628        
3:07:06         22              377330627       115513673       64107824        
3:08:06         22              379249408       116050441       64369793        
3:09:06         22              381175297       116678099       64735496        
3:10:06         22              383099613       117299114       65083656        
3:11:06         22              385030639       117884770       65391620        
3:12:06         22              386944687       118459896       65688630        
3:13:06         22              388876627       119063415       65994864        
3:14:06         22              390785445       119703886       66366022        
3:15:06         22              392714854       120298458       66685008        
3:16:06         22              394569354       120832986       66945362        
3:17:06         22              396520192       121398434       67214231        
3:18:06         22              398470949       121971176       67505250        
3:19:06         22              400435110       122558831       67818858        
3:20:06         22              402383221       123104430       68086948        
3:21:06         22              404351306       123673323       68374275        