errors: 0, warnings: 0, exit_state: 0
Time            Diameter        States Found    Distinct States Queue Size      
0:00:00         0               1               1               1               
0:00:03         12              37631           16135           9220            
0:01:03         17              1573207         527934          236477          
0:02:03         18              3070657         964242          403384          
0:03:03         19              4514071         1349930         536978          
0:04:03         20              5955133         1747416         677410          
0:05:03         20              7357176         2064946         762410          
0:06:03         20              8771298         2442500         891159          
0:07:03         21              10170620        2765067         963441          
0:08:03         21              11521656        3054929         1041458         
0:09:03         21              12920168        3379367         1109555         
0:10:03         21              14301941        3693437         1173101         
0:11:03         22              15626462        3987204         1249660         
0:12:03         22              16957385        4234270         1277219         
0:13:03         22              18298522        4532350         1349841         
0:14:03         22              19662177        4827053         1406738         
0:15:03         22              20978971        5106642         1464025         
0:16:03         23              22313060        5387323         1508876         
0:17:03         23              23604571        5608974         1522657         
0:18:03         23              24868162        5849347         1571583         
0:19:03         23              26200573        6119927         1616037         
0:20:03         23              27505007        6361507         1622390         
0:21:03         23              28820596        6645263         1675592         
0:22:03         23              30108517        6887528         1707878         
0:23:03         24              31371237        7127190         1735951         
0:24:03         24              32626347        7315201         1722950         
0:25:03         24              33874180        7531508         1747502         
0:26:03         24              35131235        7735958         1763261         
0:27:03         24              36425506        7957567         1734298         
0:28:03         24              37688946        8190386         1741827         
0:29:03         24              38970863        8436421         1765479         
0:30:03         24              40193547        8641502         1775861         
0:31:03         25              41445824        8833072         1745990         
0:32:03         25              42646952        8996905         1726337         
0:33:03         25              43869086        9181177         1715008         
0:34:03         25              45044994        9342558         1693793         
0:35:03         25              46307975        9529019         1646398         
0:36:03         25              47543864        9704836         1589459         
0:37:03         25              48794022        9906928         1559181         
0:38:03         25              49974880        10094565        1564553         
0:39:03         25              51196563        10243565        1490376         
0:40:03         25              52371202        10394898        1452458         
0:41:03         25              53547918        10538661        1409412         
0:42:03         25              54709312        10664219        1346244         
0:43:03         26              55903548        10802181        1256418         
0:44:03         26              57101039        10939983        1158498         
0:45:03         26              58303311        11110409        1112730         
0:46:03         26              59469882        11241471        1051039         
0:47:03         26              60592072        11354066        965707          
0:48:03         26              61734324        11468432        893382          
0:49:03         27              62891398        11564403        774732          
0:50:03         27              64064046        11678249        651448          
0:51:03         27              65200580        11792018        573893          
0:52:03         27              66320766        11882817        464581          
0:53:03         28              67416391        11954105        326290          
0:54:03         28              68529102        12037577        201930          
0:55:03         29              69613903        12095567        55565           
0:55:24         31              69966456        12107912        0               
